2017-02-27 20:26:48,632 [ModalContext] ERROR o.e.m.c.u.i.w.MavenProjectWizardArchetypeParametersPage - Could not create artifact repository
org.eclipse.core.runtime.CoreException: Could not create artifact repository
	at org.eclipse.m2e.core.internal.embedder.MavenImpl.createArtifactRepository(MavenImpl.java:1038) ~[na:na]
	at org.eclipse.m2e.core.internal.archetype.ArchetypeManager.getArchetypeRepository(ArchetypeManager.java:158) ~[na:na]
	at org.eclipse.m2e.core.ui.internal.wizards.MavenProjectWizardArchetypeParametersPage$RequiredPropertiesLoader.run(MavenProjectWizardArchetypeParametersPage.java:445) ~[org.eclipse.m2e.core.ui_1.4.0.20130601-0317.jar:na]
	at org.eclipse.jface.operation.ModalContext$ModalContextThread.run(ModalContext.java:121) [org.eclipse.jface_3.9.1.v20130725-1141.jar:na]
Caused by: org.apache.maven.artifact.InvalidRepositoryException: URL missing for repository jersey-quickstart-webapp-repo
	at org.apache.maven.repository.legacy.LegacyRepositorySystem.buildArtifactRepository(LegacyRepositorySystem.java:775) ~[na:na]
	at org.eclipse.m2e.core.internal.embedder.MavenImpl.createArtifactRepository(MavenImpl.java:1034) ~[na:na]
	... 3 common frames omitted
2017-02-27 20:27:01,910 [Worker-0] ERROR o.e.m.c.i.p.ProjectConfigurationManager - Unable to create project from archetype [org.glassfish.jersey.archetypes:jersey-quickstart-webapp:2.26-b02 -> ]
org.apache.maven.archetype.exception.UnknownArchetype: The desired archetype does not exist (org.glassfish.jersey.archetypes:jersey-quickstart-webapp:2.26-b02)
	at org.apache.maven.archetype.generator.DefaultArchetypeGenerator.generateArchetype(DefaultArchetypeGenerator.java:112) ~[archetype-common-2.0-alpha-4.jar:2.0-alpha-4]
	at org.apache.maven.archetype.generator.DefaultArchetypeGenerator.generateArchetype(DefaultArchetypeGenerator.java:286) ~[archetype-common-2.0-alpha-4.jar:2.0-alpha-4]
	at org.apache.maven.archetype.DefaultArchetype.generateProjectFromArchetype(DefaultArchetype.java:69) ~[archetype-common-2.0-alpha-4.jar:2.0-alpha-4]
	at org.eclipse.m2e.core.internal.project.ProjectConfigurationManager.createArchetypeProjects0(ProjectConfigurationManager.java:761) [org.eclipse.m2e.core_1.4.0.20130601-0317.jar:na]
	at org.eclipse.m2e.core.internal.project.ProjectConfigurationManager$4.call(ProjectConfigurationManager.java:710) [org.eclipse.m2e.core_1.4.0.20130601-0317.jar:na]
	at org.eclipse.m2e.core.internal.project.ProjectConfigurationManager$4.call(ProjectConfigurationManager.java:1) [org.eclipse.m2e.core_1.4.0.20130601-0317.jar:na]
	at org.eclipse.m2e.core.internal.embedder.MavenExecutionContext.executeBare(MavenExecutionContext.java:161) [org.eclipse.m2e.core_1.4.0.20130601-0317.jar:na]
	at org.eclipse.m2e.core.internal.embedder.MavenExecutionContext.execute(MavenExecutionContext.java:137) [org.eclipse.m2e.core_1.4.0.20130601-0317.jar:na]
	at org.eclipse.m2e.core.internal.embedder.MavenExecutionContext.execute(MavenExecutionContext.java:89) [org.eclipse.m2e.core_1.4.0.20130601-0317.jar:na]
	at org.eclipse.m2e.core.internal.embedder.MavenImpl.execute(MavenImpl.java:1305) [org.eclipse.m2e.core_1.4.0.20130601-0317.jar:na]
	at org.eclipse.m2e.core.internal.project.ProjectConfigurationManager.createArchetypeProjects(ProjectConfigurationManager.java:708) [org.eclipse.m2e.core_1.4.0.20130601-0317.jar:na]
	at org.eclipse.m2e.core.ui.internal.wizards.MavenProjectWizard$5.doCreateMavenProjects(MavenProjectWizard.java:244) [org.eclipse.m2e.core.ui_1.4.0.20130601-0317.jar:na]
	at org.eclipse.m2e.core.ui.internal.wizards.AbstactCreateMavenProjectJob$1.doCreateMavenProjects(AbstactCreateMavenProjectJob.java:46) [org.eclipse.m2e.core.ui_1.4.0.20130601-0317.jar:na]
	at org.eclipse.m2e.core.ui.internal.wizards.AbstractCreateMavenProjectsOperation.run(AbstractCreateMavenProjectsOperation.java:74) [org.eclipse.m2e.core.ui_1.4.0.20130601-0317.jar:na]
	at org.eclipse.m2e.core.ui.internal.wizards.AbstactCreateMavenProjectJob.runInWorkspace(AbstactCreateMavenProjectJob.java:50) [org.eclipse.m2e.core.ui_1.4.0.20130601-0317.jar:na]
	at org.eclipse.core.internal.resources.InternalWorkspaceJob.run(InternalWorkspaceJob.java:38) [org.eclipse.core.resources_3.8.101.v20130717-0806.jar:na]
	at org.eclipse.core.internal.jobs.Worker.run(Worker.java:53) [org.eclipse.core.jobs_3.5.300.v20130429-1813.jar:na]
2017-02-27 20:27:56,414 [Worker-3] INFO  o.e.m.c.i.p.ProjectConfigurationManager - Collecting project info '/pom.xml' C:\eclipse\workspace\messanger\pom.xml
2017-02-27 20:27:56,908 [Worker-3] INFO  o.e.m.c.i.l.LifecycleMappingFactory - Using org.maven.ide.eclipse.wtp.WarLifecycleMapping lifecycle mapping for MavenProject: com.ibm.ecm:messanger:0.0.1-SNAPSHOT @ C:\eclipse\workspace\messanger\pom.xml.
2017-02-27 20:27:57,482 [Worker-3] INFO  o.e.m.j.i.AbstractJavaProjectConfigurator - Adding source folder /messanger/src/main/java
2017-02-27 20:27:57,482 [Worker-3] INFO  o.e.m.j.i.AbstractJavaProjectConfigurator - Adding resource folder /messanger/src/main/resources
2017-02-27 20:27:57,486 [Worker-3] INFO  o.e.m.j.i.AbstractJavaProjectConfigurator - Adding source folder /messanger/src/test/java
2017-02-27 20:27:58,138 [Worker-3] INFO  o.e.m.c.i.p.ProjectConfigurationManager - Project import completed 1 sec
2017-02-27 20:27:58,449 [Worker-0] INFO  o.e.m.c.i.l.LifecycleMappingFactory - Using org.maven.ide.eclipse.wtp.WarLifecycleMapping lifecycle mapping for MavenProject: com.ibm.ecm:messanger:0.0.1-SNAPSHOT @ C:\eclipse\workspace\messanger\pom.xml.
2017-02-27 20:27:59,125 [Worker-0] INFO  o.e.m.c.i.embedder.EclipseLogger - Using 'UTF-8' encoding to copy filtered resources.
2017-02-27 20:27:59,128 [Worker-0] INFO  o.e.m.c.i.embedder.EclipseLogger - Copying 0 resource
2017-02-27 20:27:59,130 [Worker-0] INFO  o.e.m.c.i.embedder.EclipseLogger - Using 'UTF-8' encoding to copy filtered resources.
2017-02-27 20:27:59,130 [Worker-0] INFO  o.e.m.c.i.embedder.EclipseLogger - skip non existing resourceDirectory C:\eclipse\workspace\messanger\src\test\resources
2017-02-27 20:27:59,587 [Worker-2] INFO  o.e.m.c.i.l.LifecycleMappingFactory - Using org.maven.ide.eclipse.wtp.WarLifecycleMapping lifecycle mapping for MavenProject: com.ibm.ecm:messanger:0.0.1-SNAPSHOT @ C:\eclipse\workspace\messanger\pom.xml.
2017-02-27 20:27:59,807 [Worker-2] INFO  o.e.m.c.i.embedder.EclipseLogger - Using 'UTF-8' encoding to copy filtered resources.
2017-02-27 20:27:59,809 [Worker-2] INFO  o.e.m.c.i.embedder.EclipseLogger - Copying 0 resource
2017-02-27 20:27:59,811 [Worker-2] INFO  o.e.m.c.i.embedder.EclipseLogger - Using 'UTF-8' encoding to copy filtered resources.
2017-02-27 20:27:59,811 [Worker-2] INFO  o.e.m.c.i.embedder.EclipseLogger - skip non existing resourceDirectory C:\eclipse\workspace\messanger\src\test\resources
2017-02-27 20:28:00,320 [Worker-7] INFO  o.e.m.c.i.l.LifecycleMappingFactory - Using org.maven.ide.eclipse.wtp.WarLifecycleMapping lifecycle mapping for MavenProject: com.ibm.ecm:messanger:0.0.1-SNAPSHOT @ C:\eclipse\workspace\messanger\pom.xml.
2017-02-27 20:28:00,925 [Worker-4] INFO  o.e.m.c.i.embedder.EclipseLogger - Using 'UTF-8' encoding to copy filtered resources.
2017-02-27 20:28:00,926 [Worker-4] INFO  o.e.m.c.i.embedder.EclipseLogger - Copying 0 resource
2017-02-27 20:28:00,928 [Worker-4] INFO  o.e.m.c.i.embedder.EclipseLogger - Using 'UTF-8' encoding to copy filtered resources.
2017-02-27 20:28:00,928 [Worker-4] INFO  o.e.m.c.i.embedder.EclipseLogger - skip non existing resourceDirectory C:\eclipse\workspace\messanger\src\test\resources
2017-02-27 20:44:52,488 [Worker-15] INFO  o.e.m.c.i.embedder.EclipseLogger - Using 'UTF-8' encoding to copy filtered resources.
2017-02-27 20:44:52,492 [Worker-15] INFO  o.e.m.c.i.embedder.EclipseLogger - Copying 0 resource
2017-02-27 20:44:52,494 [Worker-15] INFO  o.e.m.c.i.embedder.EclipseLogger - Using 'UTF-8' encoding to copy filtered resources.
2017-02-27 20:44:52,494 [Worker-15] INFO  o.e.m.c.i.embedder.EclipseLogger - skip non existing resourceDirectory C:\eclipse\workspace\messanger\src\test\resources
2017-02-27 20:55:19,798 [Worker-20] INFO  o.e.m.c.i.embedder.EclipseLogger - Using 'UTF-8' encoding to copy filtered resources.
2017-02-27 20:55:19,798 [Worker-20] INFO  o.e.m.c.i.embedder.EclipseLogger - Copying 0 resource
2017-02-27 20:55:19,801 [Worker-20] INFO  o.e.m.c.i.embedder.EclipseLogger - Using 'UTF-8' encoding to copy filtered resources.
2017-02-27 20:55:19,801 [Worker-20] INFO  o.e.m.c.i.embedder.EclipseLogger - skip non existing resourceDirectory C:\eclipse\workspace\messanger\src\test\resources
2017-02-27 20:57:40,505 [Worker-20] INFO  o.e.m.c.i.embedder.EclipseLogger - Using 'UTF-8' encoding to copy filtered resources.
2017-02-27 20:57:40,506 [Worker-20] INFO  o.e.m.c.i.embedder.EclipseLogger - Copying 0 resource
2017-02-27 20:57:40,509 [Worker-20] INFO  o.e.m.c.i.embedder.EclipseLogger - Using 'UTF-8' encoding to copy filtered resources.
2017-02-27 20:57:40,510 [Worker-20] INFO  o.e.m.c.i.embedder.EclipseLogger - skip non existing resourceDirectory C:\eclipse\workspace\messanger\src\test\resources
2017-02-27 21:04:15,990 [Worker-35] INFO  o.e.m.c.i.embedder.EclipseLogger - Using 'UTF-8' encoding to copy filtered resources.
2017-02-27 21:04:15,991 [Worker-35] INFO  o.e.m.c.i.embedder.EclipseLogger - Copying 0 resource
2017-02-27 21:04:15,996 [Worker-35] INFO  o.e.m.c.i.embedder.EclipseLogger - Using 'UTF-8' encoding to copy filtered resources.
2017-02-27 21:04:15,996 [Worker-35] INFO  o.e.m.c.i.embedder.EclipseLogger - skip non existing resourceDirectory C:\eclipse\workspace\messanger\src\test\resources
2017-02-27 21:04:47,030 [Worker-34] INFO  o.e.m.c.i.embedder.EclipseLogger - Using 'UTF-8' encoding to copy filtered resources.
2017-02-27 21:04:47,032 [Worker-34] INFO  o.e.m.c.i.embedder.EclipseLogger - Copying 0 resource
2017-02-27 21:04:47,037 [Worker-34] INFO  o.e.m.c.i.embedder.EclipseLogger - Using 'UTF-8' encoding to copy filtered resources.
2017-02-27 21:04:47,037 [Worker-34] INFO  o.e.m.c.i.embedder.EclipseLogger - skip non existing resourceDirectory C:\eclipse\workspace\messanger\src\test\resources
2017-02-27 21:06:44,659 [Worker-40] INFO  o.e.m.c.i.embedder.EclipseLogger - Using 'UTF-8' encoding to copy filtered resources.
2017-02-27 21:06:44,661 [Worker-40] INFO  o.e.m.c.i.embedder.EclipseLogger - Copying 0 resource
2017-02-27 21:06:44,665 [Worker-40] INFO  o.e.m.c.i.embedder.EclipseLogger - Using 'UTF-8' encoding to copy filtered resources.
2017-02-27 21:06:44,665 [Worker-40] INFO  o.e.m.c.i.embedder.EclipseLogger - skip non existing resourceDirectory C:\eclipse\workspace\messanger\src\test\resources
2017-02-27 21:07:33,449 [Worker-34] INFO  o.e.m.c.i.embedder.EclipseLogger - Using 'UTF-8' encoding to copy filtered resources.
2017-02-27 21:07:33,451 [Worker-34] INFO  o.e.m.c.i.embedder.EclipseLogger - Copying 0 resource
2017-02-27 21:07:33,455 [Worker-34] INFO  o.e.m.c.i.embedder.EclipseLogger - Using 'UTF-8' encoding to copy filtered resources.
2017-02-27 21:07:33,455 [Worker-34] INFO  o.e.m.c.i.embedder.EclipseLogger - skip non existing resourceDirectory C:\eclipse\workspace\messanger\src\test\resources
2017-02-27 21:07:59,365 [Worker-33] INFO  o.e.m.c.i.embedder.EclipseLogger - Using 'UTF-8' encoding to copy filtered resources.
2017-02-27 21:07:59,367 [Worker-33] INFO  o.e.m.c.i.embedder.EclipseLogger - Copying 0 resource
2017-02-27 21:07:59,371 [Worker-33] INFO  o.e.m.c.i.embedder.EclipseLogger - Using 'UTF-8' encoding to copy filtered resources.
2017-02-27 21:07:59,372 [Worker-33] INFO  o.e.m.c.i.embedder.EclipseLogger - skip non existing resourceDirectory C:\eclipse\workspace\messanger\src\test\resources
2017-02-27 21:08:33,071 [Worker-41] INFO  o.e.m.c.i.embedder.EclipseLogger - Using 'UTF-8' encoding to copy filtered resources.
2017-02-27 21:08:33,074 [Worker-41] INFO  o.e.m.c.i.embedder.EclipseLogger - Copying 0 resource
2017-02-27 21:08:33,079 [Worker-41] INFO  o.e.m.c.i.embedder.EclipseLogger - Using 'UTF-8' encoding to copy filtered resources.
2017-02-27 21:08:33,079 [Worker-41] INFO  o.e.m.c.i.embedder.EclipseLogger - skip non existing resourceDirectory C:\eclipse\workspace\messanger\src\test\resources
2017-02-27 21:11:47,461 [Worker-34] INFO  o.e.m.c.i.embedder.EclipseLogger - Using 'UTF-8' encoding to copy filtered resources.
2017-02-27 21:11:47,462 [Worker-34] INFO  o.e.m.c.i.embedder.EclipseLogger - Copying 0 resource
2017-02-27 21:11:47,463 [Worker-34] INFO  o.e.m.c.i.embedder.EclipseLogger - Using 'UTF-8' encoding to copy filtered resources.
2017-02-27 21:11:47,463 [Worker-34] INFO  o.e.m.c.i.embedder.EclipseLogger - skip non existing resourceDirectory C:\eclipse\workspace\messanger\src\test\resources
2017-02-27 21:15:15,063 [Worker-34] INFO  o.e.m.c.i.embedder.EclipseLogger - Using 'UTF-8' encoding to copy filtered resources.
2017-02-27 21:15:15,065 [Worker-34] INFO  o.e.m.c.i.embedder.EclipseLogger - Copying 0 resource
2017-02-27 21:15:15,071 [Worker-34] INFO  o.e.m.c.i.embedder.EclipseLogger - Using 'UTF-8' encoding to copy filtered resources.
2017-02-27 21:15:15,071 [Worker-34] INFO  o.e.m.c.i.embedder.EclipseLogger - skip non existing resourceDirectory C:\eclipse\workspace\messanger\src\test\resources
2017-02-27 21:15:21,577 [Worker-34] INFO  o.e.m.c.i.embedder.EclipseLogger - Using 'UTF-8' encoding to copy filtered resources.
2017-02-27 21:15:21,579 [Worker-34] INFO  o.e.m.c.i.embedder.EclipseLogger - Copying 0 resource
2017-02-27 21:15:21,582 [Worker-34] INFO  o.e.m.c.i.embedder.EclipseLogger - Using 'UTF-8' encoding to copy filtered resources.
2017-02-27 21:15:21,582 [Worker-34] INFO  o.e.m.c.i.embedder.EclipseLogger - skip non existing resourceDirectory C:\eclipse\workspace\messanger\src\test\resources
2017-02-27 21:15:56,791 [Worker-49] INFO  o.e.m.c.i.embedder.EclipseLogger - Using 'UTF-8' encoding to copy filtered resources.
2017-02-27 21:15:56,792 [Worker-49] INFO  o.e.m.c.i.embedder.EclipseLogger - Copying 0 resource
2017-02-27 21:15:56,795 [Worker-49] INFO  o.e.m.c.i.embedder.EclipseLogger - Using 'UTF-8' encoding to copy filtered resources.
2017-02-27 21:15:56,795 [Worker-49] INFO  o.e.m.c.i.embedder.EclipseLogger - skip non existing resourceDirectory C:\eclipse\workspace\messanger\src\test\resources
2017-02-27 21:19:12,393 [Worker-44] INFO  o.e.m.c.i.embedder.EclipseLogger - Using 'UTF-8' encoding to copy filtered resources.
2017-02-27 21:19:12,395 [Worker-44] INFO  o.e.m.c.i.embedder.EclipseLogger - Copying 0 resource
2017-02-27 21:19:12,398 [Worker-44] INFO  o.e.m.c.i.embedder.EclipseLogger - Using 'UTF-8' encoding to copy filtered resources.
2017-02-27 21:19:12,399 [Worker-44] INFO  o.e.m.c.i.embedder.EclipseLogger - skip non existing resourceDirectory C:\eclipse\workspace\messanger\src\test\resources
2017-02-27 21:22:30,138 [Worker-45] INFO  o.e.m.c.i.embedder.EclipseLogger - Using 'UTF-8' encoding to copy filtered resources.
2017-02-27 21:22:30,141 [Worker-45] INFO  o.e.m.c.i.embedder.EclipseLogger - Copying 0 resource
2017-02-27 21:22:30,148 [Worker-45] INFO  o.e.m.c.i.embedder.EclipseLogger - Using 'UTF-8' encoding to copy filtered resources.
2017-02-27 21:22:30,149 [Worker-45] INFO  o.e.m.c.i.embedder.EclipseLogger - skip non existing resourceDirectory C:\eclipse\workspace\messanger\src\test\resources
2017-02-27 21:23:31,285 [Worker-48] INFO  o.e.m.c.i.embedder.EclipseLogger - Using 'UTF-8' encoding to copy filtered resources.
2017-02-27 21:23:31,287 [Worker-48] INFO  o.e.m.c.i.embedder.EclipseLogger - Copying 0 resource
2017-02-27 21:23:31,291 [Worker-48] INFO  o.e.m.c.i.embedder.EclipseLogger - Using 'UTF-8' encoding to copy filtered resources.
2017-02-27 21:23:31,292 [Worker-48] INFO  o.e.m.c.i.embedder.EclipseLogger - skip non existing resourceDirectory C:\eclipse\workspace\messanger\src\test\resources
2017-02-27 21:26:30,194 [Worker-34] INFO  o.e.m.c.i.embedder.EclipseLogger - Using 'UTF-8' encoding to copy filtered resources.
2017-02-27 21:26:30,198 [Worker-34] INFO  o.e.m.c.i.embedder.EclipseLogger - Copying 0 resource
2017-02-27 21:26:30,202 [Worker-34] INFO  o.e.m.c.i.embedder.EclipseLogger - Using 'UTF-8' encoding to copy filtered resources.
2017-02-27 21:26:30,202 [Worker-34] INFO  o.e.m.c.i.embedder.EclipseLogger - skip non existing resourceDirectory C:\eclipse\workspace\messanger\src\test\resources
2017-02-27 21:27:44,825 [Worker-51] INFO  o.e.m.c.i.embedder.EclipseLogger - Using 'UTF-8' encoding to copy filtered resources.
2017-02-27 21:27:44,825 [Worker-51] INFO  o.e.m.c.i.embedder.EclipseLogger - Copying 0 resource
2017-02-27 21:27:44,826 [Worker-51] INFO  o.e.m.c.i.embedder.EclipseLogger - Using 'UTF-8' encoding to copy filtered resources.
2017-02-27 21:27:44,827 [Worker-51] INFO  o.e.m.c.i.embedder.EclipseLogger - skip non existing resourceDirectory C:\eclipse\workspace\messanger\src\test\resources
2017-02-27 21:28:40,185 [Worker-34] INFO  o.e.m.c.i.embedder.EclipseLogger - Using 'UTF-8' encoding to copy filtered resources.
2017-02-27 21:28:40,187 [Worker-34] INFO  o.e.m.c.i.embedder.EclipseLogger - Copying 0 resource
2017-02-27 21:28:40,190 [Worker-34] INFO  o.e.m.c.i.embedder.EclipseLogger - Using 'UTF-8' encoding to copy filtered resources.
2017-02-27 21:28:40,190 [Worker-34] INFO  o.e.m.c.i.embedder.EclipseLogger - skip non existing resourceDirectory C:\eclipse\workspace\messanger\src\test\resources
2017-02-27 21:30:52,753 [Worker-47] INFO  o.e.m.c.i.embedder.EclipseLogger - Using 'UTF-8' encoding to copy filtered resources.
2017-02-27 21:30:52,755 [Worker-47] INFO  o.e.m.c.i.embedder.EclipseLogger - Copying 0 resource
2017-02-27 21:30:52,759 [Worker-47] INFO  o.e.m.c.i.embedder.EclipseLogger - Using 'UTF-8' encoding to copy filtered resources.
2017-02-27 21:30:52,759 [Worker-47] INFO  o.e.m.c.i.embedder.EclipseLogger - skip non existing resourceDirectory C:\eclipse\workspace\messanger\src\test\resources
2017-02-27 22:01:16,342 [Worker-47] INFO  o.e.m.c.i.embedder.EclipseLogger - Using 'UTF-8' encoding to copy filtered resources.
2017-02-27 22:01:16,344 [Worker-47] INFO  o.e.m.c.i.embedder.EclipseLogger - Copying 0 resource
2017-02-27 22:01:16,347 [Worker-47] INFO  o.e.m.c.i.embedder.EclipseLogger - Using 'UTF-8' encoding to copy filtered resources.
2017-02-27 22:01:16,348 [Worker-47] INFO  o.e.m.c.i.embedder.EclipseLogger - skip non existing resourceDirectory C:\eclipse\workspace\messanger\src\test\resources
2017-02-27 22:03:46,446 [Worker-57] INFO  o.e.m.c.i.embedder.EclipseLogger - Using 'UTF-8' encoding to copy filtered resources.
2017-02-27 22:03:46,449 [Worker-57] INFO  o.e.m.c.i.embedder.EclipseLogger - Copying 0 resource
2017-02-27 22:03:46,454 [Worker-57] INFO  o.e.m.c.i.embedder.EclipseLogger - Using 'UTF-8' encoding to copy filtered resources.
2017-02-27 22:03:46,455 [Worker-57] INFO  o.e.m.c.i.embedder.EclipseLogger - skip non existing resourceDirectory C:\eclipse\workspace\messanger\src\test\resources
2017-02-27 22:04:15,784 [Worker-58] INFO  o.e.m.c.i.embedder.EclipseLogger - Using 'UTF-8' encoding to copy filtered resources.
2017-02-27 22:04:15,784 [Worker-58] INFO  o.e.m.c.i.embedder.EclipseLogger - Copying 0 resource
2017-02-27 22:04:15,785 [Worker-58] INFO  o.e.m.c.i.embedder.EclipseLogger - Using 'UTF-8' encoding to copy filtered resources.
2017-02-27 22:04:15,786 [Worker-58] INFO  o.e.m.c.i.embedder.EclipseLogger - skip non existing resourceDirectory C:\eclipse\workspace\messanger\src\test\resources
2017-02-27 22:04:39,871 [Worker-60] INFO  o.e.m.c.i.embedder.EclipseLogger - Using 'UTF-8' encoding to copy filtered resources.
2017-02-27 22:04:39,872 [Worker-60] INFO  o.e.m.c.i.embedder.EclipseLogger - Copying 0 resource
2017-02-27 22:04:39,879 [Worker-60] INFO  o.e.m.c.i.embedder.EclipseLogger - Using 'UTF-8' encoding to copy filtered resources.
2017-02-27 22:04:39,879 [Worker-60] INFO  o.e.m.c.i.embedder.EclipseLogger - skip non existing resourceDirectory C:\eclipse\workspace\messanger\src\test\resources
2017-02-27 22:05:24,496 [Worker-60] INFO  o.e.m.c.i.embedder.EclipseLogger - Using 'UTF-8' encoding to copy filtered resources.
2017-02-27 22:05:24,498 [Worker-60] INFO  o.e.m.c.i.embedder.EclipseLogger - Copying 0 resource
2017-02-27 22:05:24,501 [Worker-60] INFO  o.e.m.c.i.embedder.EclipseLogger - Using 'UTF-8' encoding to copy filtered resources.
2017-02-27 22:05:24,501 [Worker-60] INFO  o.e.m.c.i.embedder.EclipseLogger - skip non existing resourceDirectory C:\eclipse\workspace\messanger\src\test\resources
2017-02-27 22:05:44,544 [Worker-59] INFO  o.e.m.c.i.embedder.EclipseLogger - Using 'UTF-8' encoding to copy filtered resources.
2017-02-27 22:05:44,545 [Worker-59] INFO  o.e.m.c.i.embedder.EclipseLogger - Copying 0 resource
2017-02-27 22:05:44,547 [Worker-59] INFO  o.e.m.c.i.embedder.EclipseLogger - Using 'UTF-8' encoding to copy filtered resources.
2017-02-27 22:05:44,547 [Worker-59] INFO  o.e.m.c.i.embedder.EclipseLogger - skip non existing resourceDirectory C:\eclipse\workspace\messanger\src\test\resources
2017-02-27 22:09:29,523 [Worker-64] INFO  o.e.m.c.i.embedder.EclipseLogger - Using 'UTF-8' encoding to copy filtered resources.
2017-02-27 22:09:29,525 [Worker-64] INFO  o.e.m.c.i.embedder.EclipseLogger - Copying 0 resource
2017-02-27 22:09:29,528 [Worker-64] INFO  o.e.m.c.i.embedder.EclipseLogger - Using 'UTF-8' encoding to copy filtered resources.
2017-02-27 22:09:29,528 [Worker-64] INFO  o.e.m.c.i.embedder.EclipseLogger - skip non existing resourceDirectory C:\eclipse\workspace\messanger\src\test\resources
2017-02-27 22:09:37,589 [Worker-66] INFO  o.e.m.c.i.embedder.EclipseLogger - Using 'UTF-8' encoding to copy filtered resources.
2017-02-27 22:09:37,589 [Worker-66] INFO  o.e.m.c.i.embedder.EclipseLogger - Copying 0 resource
2017-02-27 22:09:37,590 [Worker-66] INFO  o.e.m.c.i.embedder.EclipseLogger - Using 'UTF-8' encoding to copy filtered resources.
2017-02-27 22:09:37,591 [Worker-66] INFO  o.e.m.c.i.embedder.EclipseLogger - skip non existing resourceDirectory C:\eclipse\workspace\messanger\src\test\resources
2017-02-27 22:09:58,450 [Worker-60] INFO  o.e.m.c.i.embedder.EclipseLogger - Using 'UTF-8' encoding to copy filtered resources.
2017-02-27 22:09:58,452 [Worker-60] INFO  o.e.m.c.i.embedder.EclipseLogger - Copying 0 resource
2017-02-27 22:09:58,454 [Worker-60] INFO  o.e.m.c.i.embedder.EclipseLogger - Using 'UTF-8' encoding to copy filtered resources.
2017-02-27 22:09:58,454 [Worker-60] INFO  o.e.m.c.i.embedder.EclipseLogger - skip non existing resourceDirectory C:\eclipse\workspace\messanger\src\test\resources
2017-02-27 22:11:26,762 [Worker-60] INFO  o.e.m.c.i.embedder.EclipseLogger - Using 'UTF-8' encoding to copy filtered resources.
2017-02-27 22:11:26,763 [Worker-60] INFO  o.e.m.c.i.embedder.EclipseLogger - Copying 0 resource
2017-02-27 22:11:26,767 [Worker-60] INFO  o.e.m.c.i.embedder.EclipseLogger - Using 'UTF-8' encoding to copy filtered resources.
2017-02-27 22:11:26,767 [Worker-60] INFO  o.e.m.c.i.embedder.EclipseLogger - skip non existing resourceDirectory C:\eclipse\workspace\messanger\src\test\resources
2017-02-27 22:15:48,110 [Worker-72] INFO  o.e.m.c.i.embedder.EclipseLogger - Using 'UTF-8' encoding to copy filtered resources.
2017-02-27 22:15:48,111 [Worker-72] INFO  o.e.m.c.i.embedder.EclipseLogger - Copying 0 resource
2017-02-27 22:15:48,115 [Worker-72] INFO  o.e.m.c.i.embedder.EclipseLogger - Using 'UTF-8' encoding to copy filtered resources.
2017-02-27 22:15:48,115 [Worker-72] INFO  o.e.m.c.i.embedder.EclipseLogger - skip non existing resourceDirectory C:\eclipse\workspace\messanger\src\test\resources
2017-02-27 22:16:14,841 [Worker-71] INFO  o.e.m.c.i.embedder.EclipseLogger - Using 'UTF-8' encoding to copy filtered resources.
2017-02-27 22:16:14,845 [Worker-71] INFO  o.e.m.c.i.embedder.EclipseLogger - Copying 0 resource
2017-02-27 22:16:14,855 [Worker-71] INFO  o.e.m.c.i.embedder.EclipseLogger - Using 'UTF-8' encoding to copy filtered resources.
2017-02-27 22:16:14,858 [Worker-71] INFO  o.e.m.c.i.embedder.EclipseLogger - skip non existing resourceDirectory C:\eclipse\workspace\messanger\src\test\resources
2017-02-27 22:18:58,957 [Worker-77] INFO  o.e.m.c.i.embedder.EclipseLogger - Using 'UTF-8' encoding to copy filtered resources.
2017-02-27 22:18:58,959 [Worker-77] INFO  o.e.m.c.i.embedder.EclipseLogger - Copying 0 resource
2017-02-27 22:18:58,963 [Worker-77] INFO  o.e.m.c.i.embedder.EclipseLogger - Using 'UTF-8' encoding to copy filtered resources.
2017-02-27 22:18:58,963 [Worker-77] INFO  o.e.m.c.i.embedder.EclipseLogger - skip non existing resourceDirectory C:\eclipse\workspace\messanger\src\test\resources
2017-02-27 22:19:15,646 [Worker-77] INFO  o.e.m.c.i.embedder.EclipseLogger - Using 'UTF-8' encoding to copy filtered resources.
2017-02-27 22:19:15,648 [Worker-77] INFO  o.e.m.c.i.embedder.EclipseLogger - Copying 0 resource
2017-02-27 22:19:15,655 [Worker-77] INFO  o.e.m.c.i.embedder.EclipseLogger - Using 'UTF-8' encoding to copy filtered resources.
2017-02-27 22:19:15,656 [Worker-77] INFO  o.e.m.c.i.embedder.EclipseLogger - skip non existing resourceDirectory C:\eclipse\workspace\messanger\src\test\resources
2017-02-27 22:21:31,659 [Worker-74] INFO  o.e.m.c.i.embedder.EclipseLogger - Using 'UTF-8' encoding to copy filtered resources.
2017-02-27 22:21:31,660 [Worker-74] INFO  o.e.m.c.i.embedder.EclipseLogger - Copying 0 resource
2017-02-27 22:21:31,664 [Worker-74] INFO  o.e.m.c.i.embedder.EclipseLogger - Using 'UTF-8' encoding to copy filtered resources.
2017-02-27 22:21:31,665 [Worker-74] INFO  o.e.m.c.i.embedder.EclipseLogger - skip non existing resourceDirectory C:\eclipse\workspace\messanger\src\test\resources
2017-02-27 22:26:08,988 [Worker-75] INFO  o.e.m.c.i.embedder.EclipseLogger - Using 'UTF-8' encoding to copy filtered resources.
2017-02-27 22:26:08,990 [Worker-75] INFO  o.e.m.c.i.embedder.EclipseLogger - Copying 0 resource
2017-02-27 22:26:08,995 [Worker-75] INFO  o.e.m.c.i.embedder.EclipseLogger - Using 'UTF-8' encoding to copy filtered resources.
2017-02-27 22:26:08,995 [Worker-75] INFO  o.e.m.c.i.embedder.EclipseLogger - skip non existing resourceDirectory C:\eclipse\workspace\messanger\src\test\resources
2017-02-27 22:29:13,010 [Worker-80] INFO  o.e.m.c.i.l.LifecycleMappingFactory - Using org.maven.ide.eclipse.wtp.WarLifecycleMapping lifecycle mapping for MavenProject: com.ibm.ecm:messanger:0.0.1-SNAPSHOT @ C:\eclipse\workspace\messanger\pom.xml.
2017-02-27 22:29:13,167 [Worker-80] INFO  c.n.h.c.p.n.NettyAsyncHttpProvider - Number of application's worked threads is 16
2017-02-27 22:29:13,323 [New I/O client worker #1-1] INFO  o.e.m.c.i.e.AbstractTransferListenerAdapter - Downloading http://repo.maven.apache.org/maven2/org/glassfish/jersey/media/jersey-media-moxy/2.26-b02/jersey-media-moxy-2.26-b02.pom
2017-02-27 22:29:13,328 [New I/O client worker #1-1] INFO  o.e.m.c.i.e.AbstractTransferListenerAdapter - Downloaded http://repo.maven.apache.org/maven2/org/glassfish/jersey/media/jersey-media-moxy/2.26-b02/jersey-media-moxy-2.26-b02.pom
2017-02-27 22:29:13,445 [Worker-80] INFO  c.n.h.c.p.n.NettyAsyncHttpProvider - Number of application's worked threads is 16
2017-02-27 22:29:13,488 [New I/O client worker #2-1] INFO  o.e.m.c.i.e.AbstractTransferListenerAdapter - Downloading http://repo.maven.apache.org/maven2/org/glassfish/jersey/ext/jersey-entity-filtering/2.26-b02/jersey-entity-filtering-2.26-b02.pom
2017-02-27 22:29:13,489 [New I/O client worker #2-1] INFO  o.e.m.c.i.e.AbstractTransferListenerAdapter - Downloaded http://repo.maven.apache.org/maven2/org/glassfish/jersey/ext/jersey-entity-filtering/2.26-b02/jersey-entity-filtering-2.26-b02.pom
2017-02-27 22:29:13,531 [Worker-80] INFO  c.n.h.c.p.n.NettyAsyncHttpProvider - Number of application's worked threads is 16
2017-02-27 22:29:13,574 [New I/O client worker #3-1] INFO  o.e.m.c.i.e.AbstractTransferListenerAdapter - Downloading http://repo.maven.apache.org/maven2/org/glassfish/jersey/ext/project/2.26-b02/project-2.26-b02.pom
2017-02-27 22:29:13,576 [New I/O client worker #3-1] INFO  o.e.m.c.i.e.AbstractTransferListenerAdapter - Downloaded http://repo.maven.apache.org/maven2/org/glassfish/jersey/ext/project/2.26-b02/project-2.26-b02.pom
2017-02-27 22:29:13,617 [Worker-80] INFO  c.n.h.c.p.n.NettyAsyncHttpProvider - Number of application's worked threads is 16
2017-02-27 22:29:13,658 [New I/O client worker #4-1] INFO  o.e.m.c.i.e.AbstractTransferListenerAdapter - Downloading http://repo.maven.apache.org/maven2/org/eclipse/persistence/org.eclipse.persistence.moxy/2.6.0/org.eclipse.persistence.moxy-2.6.0.pom
2017-02-27 22:29:13,663 [New I/O client worker #4-1] INFO  o.e.m.c.i.e.AbstractTransferListenerAdapter - Downloaded http://repo.maven.apache.org/maven2/org/eclipse/persistence/org.eclipse.persistence.moxy/2.6.0/org.eclipse.persistence.moxy-2.6.0.pom
2017-02-27 22:29:13,697 [Worker-80] INFO  c.n.h.c.p.n.NettyAsyncHttpProvider - Number of application's worked threads is 16
2017-02-27 22:29:13,736 [New I/O client worker #5-1] INFO  o.e.m.c.i.e.AbstractTransferListenerAdapter - Downloading http://repo.maven.apache.org/maven2/org/eclipse/persistence/org.eclipse.persistence.core/2.6.0/org.eclipse.persistence.core-2.6.0.pom
2017-02-27 22:29:13,737 [New I/O client worker #5-1] INFO  o.e.m.c.i.e.AbstractTransferListenerAdapter - Downloaded http://repo.maven.apache.org/maven2/org/eclipse/persistence/org.eclipse.persistence.core/2.6.0/org.eclipse.persistence.core-2.6.0.pom
2017-02-27 22:29:13,772 [Worker-80] INFO  c.n.h.c.p.n.NettyAsyncHttpProvider - Number of application's worked threads is 16
2017-02-27 22:29:13,817 [New I/O client worker #6-1] INFO  o.e.m.c.i.e.AbstractTransferListenerAdapter - Downloading http://repo.maven.apache.org/maven2/org/eclipse/persistence/org.eclipse.persistence.asm/2.6.0/org.eclipse.persistence.asm-2.6.0.pom
2017-02-27 22:29:13,818 [New I/O client worker #6-1] INFO  o.e.m.c.i.e.AbstractTransferListenerAdapter - Downloaded http://repo.maven.apache.org/maven2/org/eclipse/persistence/org.eclipse.persistence.asm/2.6.0/org.eclipse.persistence.asm-2.6.0.pom
2017-02-27 22:29:13,850 [Worker-80] INFO  c.n.h.c.p.n.NettyAsyncHttpProvider - Number of application's worked threads is 16
2017-02-27 22:29:13,888 [New I/O client worker #7-1] INFO  o.e.m.c.i.e.AbstractTransferListenerAdapter - Downloading http://repo.maven.apache.org/maven2/org/glassfish/javax.json/1.0.4/javax.json-1.0.4.pom
2017-02-27 22:29:13,894 [New I/O client worker #7-1] INFO  o.e.m.c.i.e.AbstractTransferListenerAdapter - Downloaded http://repo.maven.apache.org/maven2/org/glassfish/javax.json/1.0.4/javax.json-1.0.4.pom
2017-02-27 22:29:13,928 [Worker-80] INFO  c.n.h.c.p.n.NettyAsyncHttpProvider - Number of application's worked threads is 16
2017-02-27 22:29:13,968 [New I/O client worker #8-1] INFO  o.e.m.c.i.e.AbstractTransferListenerAdapter - Downloading http://repo.maven.apache.org/maven2/org/glassfish/json/1.0.4/json-1.0.4.pom
2017-02-27 22:29:13,970 [New I/O client worker #8-1] INFO  o.e.m.c.i.e.AbstractTransferListenerAdapter - Downloaded http://repo.maven.apache.org/maven2/org/glassfish/json/1.0.4/json-1.0.4.pom
2017-02-27 22:29:14,044 [Worker-80] INFO  c.n.h.c.p.n.NettyAsyncHttpProvider - Number of application's worked threads is 16
2017-02-27 22:29:14,088 [New I/O client worker #9-1] INFO  o.e.m.c.i.e.AbstractTransferListenerAdapter - Downloading http://repo.maven.apache.org/maven2/org/glassfish/jersey/media/jersey-media-moxy/2.26-b02/jersey-media-moxy-2.26-b02.jar
2017-02-27 22:29:14,098 [New I/O client worker #9-2] INFO  o.e.m.c.i.e.AbstractTransferListenerAdapter - Downloading http://repo.maven.apache.org/maven2/org/glassfish/jersey/ext/jersey-entity-filtering/2.26-b02/jersey-entity-filtering-2.26-b02.jar
2017-02-27 22:29:14,142 [New I/O client worker #9-6] INFO  o.e.m.c.i.e.AbstractTransferListenerAdapter - Downloading http://repo.maven.apache.org/maven2/org/glassfish/javax.json/1.0.4/javax.json-1.0.4.jar
2017-02-27 22:29:14,168 [New I/O client worker #9-4] INFO  o.e.m.c.i.e.AbstractTransferListenerAdapter - Downloading http://repo.maven.apache.org/maven2/org/eclipse/persistence/org.eclipse.persistence.core/2.6.0/org.eclipse.persistence.core-2.6.0.jar
2017-02-27 22:29:14,174 [New I/O client worker #9-3] INFO  o.e.m.c.i.e.AbstractTransferListenerAdapter - Downloading http://repo.maven.apache.org/maven2/org/eclipse/persistence/org.eclipse.persistence.moxy/2.6.0/org.eclipse.persistence.moxy-2.6.0.jar
2017-02-27 22:29:14,184 [New I/O client worker #9-1] INFO  o.e.m.c.i.e.AbstractTransferListenerAdapter - Downloaded http://repo.maven.apache.org/maven2/org/glassfish/jersey/media/jersey-media-moxy/2.26-b02/jersey-media-moxy-2.26-b02.jar
2017-02-27 22:29:14,297 [New I/O client worker #9-2] INFO  o.e.m.c.i.e.AbstractTransferListenerAdapter - Downloaded http://repo.maven.apache.org/maven2/org/glassfish/jersey/ext/jersey-entity-filtering/2.26-b02/jersey-entity-filtering-2.26-b02.jar
2017-02-27 22:29:14,360 [New I/O client worker #9-6] INFO  o.e.m.c.i.e.AbstractTransferListenerAdapter - Downloaded http://repo.maven.apache.org/maven2/org/glassfish/javax.json/1.0.4/javax.json-1.0.4.jar
2017-02-27 22:29:15,122 [New I/O client worker #9-5] INFO  o.e.m.c.i.e.AbstractTransferListenerAdapter - Downloading http://repo.maven.apache.org/maven2/org/eclipse/persistence/org.eclipse.persistence.asm/2.6.0/org.eclipse.persistence.asm-2.6.0.jar
2017-02-27 22:29:16,241 [New I/O client worker #9-5] INFO  o.e.m.c.i.e.AbstractTransferListenerAdapter - Downloaded http://repo.maven.apache.org/maven2/org/eclipse/persistence/org.eclipse.persistence.asm/2.6.0/org.eclipse.persistence.asm-2.6.0.jar
2017-02-27 22:29:16,628 [New I/O client worker #9-3] INFO  o.e.m.c.i.e.AbstractTransferListenerAdapter - Downloaded http://repo.maven.apache.org/maven2/org/eclipse/persistence/org.eclipse.persistence.moxy/2.6.0/org.eclipse.persistence.moxy-2.6.0.jar
2017-02-27 22:29:29,442 [New I/O client worker #9-4] INFO  o.e.m.c.i.e.AbstractTransferListenerAdapter - Downloaded http://repo.maven.apache.org/maven2/org/eclipse/persistence/org.eclipse.persistence.core/2.6.0/org.eclipse.persistence.core-2.6.0.jar
2017-02-27 22:29:30,993 [Worker-80] INFO  o.e.m.c.i.embedder.EclipseLogger - Using 'UTF-8' encoding to copy filtered resources.
2017-02-27 22:29:30,993 [Worker-80] INFO  o.e.m.c.i.embedder.EclipseLogger - Copying 0 resource
2017-02-27 22:29:30,994 [Worker-80] INFO  o.e.m.c.i.embedder.EclipseLogger - Using 'UTF-8' encoding to copy filtered resources.
2017-02-27 22:29:30,994 [Worker-80] INFO  o.e.m.c.i.embedder.EclipseLogger - skip non existing resourceDirectory C:\eclipse\workspace\messanger\src\test\resources
2017-02-27 22:29:30,995 [Worker-80] INFO  o.e.m.w.i.f.ResourceFilteringBuildParticipant - Changed resources require a complete clean of filtered resources of messanger
2017-02-27 22:29:30,995 [Worker-80] INFO  o.e.m.w.i.f.ResourceFilteringBuildParticipant - Executing resource filtering for messanger
2017-02-27 22:29:30,999 [Worker-80] INFO  o.e.m.c.i.embedder.EclipseLogger - Using 'UTF-8' encoding to copy filtered resources.
2017-02-27 22:29:32,326 [Worker-80] INFO  o.e.m.c.i.embedder.EclipseLogger - Using 'UTF-8' encoding to copy filtered resources.
2017-02-27 22:29:32,327 [Worker-80] INFO  o.e.m.c.i.embedder.EclipseLogger - Copying 0 resource
2017-02-27 22:29:32,329 [Worker-80] INFO  o.e.m.c.i.embedder.EclipseLogger - Using 'UTF-8' encoding to copy filtered resources.
2017-02-27 22:29:32,329 [Worker-80] INFO  o.e.m.c.i.embedder.EclipseLogger - skip non existing resourceDirectory C:\eclipse\workspace\messanger\src\test\resources
2017-03-01 01:09:43,024 [Worker-0] INFO  o.e.m.c.i.embedder.EclipseLogger - Using 'UTF-8' encoding to copy filtered resources.
2017-03-01 01:09:43,030 [Worker-0] INFO  o.e.m.c.i.embedder.EclipseLogger - Copying 0 resource
2017-03-01 01:09:43,031 [Worker-0] INFO  o.e.m.c.i.embedder.EclipseLogger - Using 'UTF-8' encoding to copy filtered resources.
2017-03-01 01:09:43,032 [Worker-0] INFO  o.e.m.c.i.embedder.EclipseLogger - skip non existing resourceDirectory C:\eclipse\workspace\messanger\src\test\resources
2017-03-02 16:17:58,866 [Worker-2] INFO  o.e.m.c.i.embedder.EclipseLogger - Using 'UTF-8' encoding to copy filtered resources.
2017-03-02 16:17:58,871 [Worker-2] INFO  o.e.m.c.i.embedder.EclipseLogger - Copying 0 resource
2017-03-02 16:17:58,874 [Worker-2] INFO  o.e.m.c.i.embedder.EclipseLogger - Using 'UTF-8' encoding to copy filtered resources.
2017-03-02 16:17:58,874 [Worker-2] INFO  o.e.m.c.i.embedder.EclipseLogger - skip non existing resourceDirectory C:\eclipse\workspace\messanger\src\test\resources
